<?xml version="1.0" encoding="UTF-8"?>
<testsuite xmlns:xsi="http://www.w3.org/2001/XMLSchema-instance" xsi:noNamespaceSchemaLocation="https://maven.apache.org/surefire/maven-surefire-plugin/xsd/surefire-test-report.xsd" name="ProvaRunner" time="5.931" tests="5" errors="0" skipped="0" failures="0">
  <properties>
[...]
</properties>
  <testcase name="testUsers[1][1]" classname="ProvaRunner" time="1.913"/>
  <testcase name="testUsers[1][2]" classname="ProvaRunner" time="0.395"/>
  <testcase name="testUsers[1][3]" classname="ProvaRunner" time="0.445"/>
  <testcase name="testUsers[1][4]" classname="ProvaRunner" time="0.426"/>
  <testcase name="testUsers[1][5]" classname="ProvaRunner" time="2.181"/>
</testsuite>